[21:01:05.944][INFO][CraftTweaker-EarlyInit]: CraftTweaker is running on a Minecraft 1.20.1 production server modded with platform Forge
[21:01:05.953][INFO][CraftTweaker-EarlyInit]: Successfully injected RecipeFS file system
[21:01:06.031][INFO][CraftTweaker-Plugins]: Successfully identified and loaded plugin crafttweaker:builtin
[21:01:06.032][INFO][CraftTweaker-Plugins]: Successfully identified and loaded plugin crafttweaker:builtin_forge
[21:01:06.035][INFO][CraftTweaker-Plugins]: Successfully identified and loaded plugin farmersdelight:crafttweaker_plugin
[21:01:06.038][INFO][CraftTweaker-Plugins]: Successfully identified and loaded plugin refurbished_furniture:plugin
[21:01:07.091][INFO][CraftTweaker]: The following mods have explicit CraftTweaker support through the default plugin:
[21:01:07.097][INFO][CraftTweaker]: - 'crafttweaker' at version '14.0.43'
[21:01:07.098][INFO][CraftTweaker]: - 'farmersdelight' at version '1.20.1-1.2.4'
[21:01:07.099][INFO][CraftTweaker]: - 'modutilspassiveskilltree' at version '1.1.0'
[21:01:07.100][INFO][CraftTweaker]: - 'refurbished_furniture' at version '1.0.8'
[21:01:16.837][INFO][CraftTweaker-ZenCode]: Started loading scripts for loader 'initialize'
[21:01:17.376][INFO][CraftTweaker-ZenCode]: Compiling and executing scripts
[21:01:17.408][INFO][CraftTweaker-ZenCode]: Successfully initialized modules [crafttweaker, expansions]
[21:01:17.503][INFO][CraftTweaker-ZenCode]: Execution for loader 'initialize' completed successfully
[21:01:30.580][INFO][CraftTweaker-ZenCode]: Started loading scripts for loader 'tags'
[21:01:30.602][INFO][CraftTweaker-ZenCode]: Compiling and executing scripts
[21:01:30.618][INFO][CraftTweaker-ZenCode]: Successfully initialized modules [crafttweaker, expansions]
[21:01:30.627][INFO][CraftTweaker-ZenCode]: Execution for loader 'tags' completed successfully
[21:01:33.221][INFO][CraftTweaker]: crafttweaker.reload.start
[21:01:33.226][INFO][CraftTweaker-ZenCode]: Started loading scripts for loader 'crafttweaker'
[21:01:33.255][INFO][CraftTweaker-ZenCode]: Compiling and executing scripts
[21:01:33.625][INFO][CraftTweaker-ZenCode]: Successfully initialized modules [mods, crafttweaker, expansions]
[21:01:33.634][INFO][CraftTweaker-ZenCode]: Execution for loader 'crafttweaker' completed successfully
[21:01:33.635][INFO][CraftTweaker]: crafttweaker.reload.complete
